<?xml version="1.0" encoding="UTF-8"?>
<!-- Generated by org.testng.reporters.JUnitXMLReporter -->
<testsuite hostname="user-PC" ignored="0" name="Default test" tests="19" failures="0" timestamp="31 May 2018 03:56:19 GMT" time="0.284" errors="0">
  <testcase name="@BeforeTest launch_browser" time="0.075" classname="automationFramework.FirstTestCase">
    <failure type="java.lang.IllegalStateException" message="The driver executable does not exist: C:\Users\pc\Documents\Gesi\WebDriver\new\chromedriver.exe">
      <![CDATA[java.lang.IllegalStateException: The driver executable does not exist: C:\Users\pc\Documents\Gesi\WebDriver\new\chromedriver.exe
at com.google.common.base.Preconditions.checkState(Preconditions.java:585)
at org.openqa.selenium.remote.service.DriverService.checkExecutable(DriverService.java:136)
at org.openqa.selenium.remote.service.DriverService.findExecutable(DriverService.java:131)
at org.openqa.selenium.chrome.ChromeDriverService.access$000(ChromeDriverService.java:33)
at org.openqa.selenium.chrome.ChromeDriverService$Builder.findDefaultExecutable(ChromeDriverService.java:139)
at org.openqa.selenium.remote.service.DriverService$Builder.build(DriverService.java:335)
at org.openqa.selenium.chrome.ChromeDriverService.createDefaultService(ChromeDriverService.java:89)
at org.openqa.selenium.chrome.ChromeDriver.<init>(ChromeDriver.java:157)
at automationFramework.FirstTestCase.launch_browser(FirstTestCase.java:170)
at sun.reflect.NativeMethodAccessorImpl.invoke0(Native Method)
at sun.reflect.NativeMethodAccessorImpl.invoke(Unknown Source)
at sun.reflect.DelegatingMethodAccessorImpl.invoke(Unknown Source)
at java.lang.reflect.Method.invoke(Unknown Source)
at org.testng.internal.MethodInvocationHelper.invokeMethod(MethodInvocationHelper.java:124)
at org.testng.internal.MethodInvocationHelper.invokeMethodConsideringTimeout(MethodInvocationHelper.java:59)
at org.testng.internal.Invoker.invokeConfigurationMethod(Invoker.java:455)
at org.testng.internal.Invoker.invokeConfigurations(Invoker.java:222)
at org.testng.internal.Invoker.invokeConfigurations(Invoker.java:142)
at org.testng.TestRunner.beforeRun(TestRunner.java:529)
at org.testng.TestRunner.run(TestRunner.java:497)
at org.testng.SuiteRunner.runTest(SuiteRunner.java:455)
at org.testng.SuiteRunner.runSequentially(SuiteRunner.java:450)
at org.testng.SuiteRunner.privateRun(SuiteRunner.java:415)
at org.testng.SuiteRunner.run(SuiteRunner.java:364)
at org.testng.SuiteRunnerWorker.runSuite(SuiteRunnerWorker.java:52)
at org.testng.SuiteRunnerWorker.run(SuiteRunnerWorker.java:84)
at org.testng.TestNG.runSuitesSequentially(TestNG.java:1208)
at org.testng.TestNG.runSuitesLocally(TestNG.java:1137)
at org.testng.TestNG.runSuites(TestNG.java:1049)
at org.testng.TestNG.run(TestNG.java:1017)
at org.testng.remote.AbstractRemoteTestNG.run(AbstractRemoteTestNG.java:114)
at org.testng.remote.RemoteTestNG.initAndRun(RemoteTestNG.java:251)
at org.testng.remote.RemoteTestNG.main(RemoteTestNG.java:77)
]]>
    </failure>
  </testcase> <!-- @BeforeTest launch_browser -->
  <testcase name="@AfterMethod landing_page_cari_NOP" time="0.0" classname="automationFramework.FirstTestCase">
    <skipped/>
  </testcase> <!-- @AfterMethod landing_page_cari_NOP -->
  <testcase name="@AfterMethod landing_page_cari_NOP" time="0.0" classname="automationFramework.FirstTestCase">
    <skipped/>
  </testcase> <!-- @AfterMethod landing_page_cari_NOP -->
  <testcase name="@AfterMethod landing_page_cari_NOP" time="0.0" classname="automationFramework.FirstTestCase">
    <skipped/>
  </testcase> <!-- @AfterMethod landing_page_cari_NOP -->
  <testcase name="@AfterMethod landing_page_cari_NOP" time="0.0" classname="automationFramework.FirstTestCase">
    <skipped/>
  </testcase> <!-- @AfterMethod landing_page_cari_NOP -->
  <testcase name="@AfterMethod landing_page_cari_NOP" time="0.0" classname="automationFramework.FirstTestCase">
    <skipped/>
  </testcase> <!-- @AfterMethod landing_page_cari_NOP -->
  <testcase name="@AfterMethod landing_page_cari_NOP" time="0.0" classname="automationFramework.FirstTestCase">
    <skipped/>
  </testcase> <!-- @AfterMethod landing_page_cari_NOP -->
  <testcase name="@AfterMethod landing_page_cari_NOP" time="0.0" classname="automationFramework.FirstTestCase">
    <skipped/>
  </testcase> <!-- @AfterMethod landing_page_cari_NOP -->
  <testcase name="@AfterMethod landing_page_cari_NOP" time="0.0" classname="automationFramework.FirstTestCase">
    <skipped/>
  </testcase> <!-- @AfterMethod landing_page_cari_NOP -->
  <testcase name="@AfterMethod landing_page_cari_NOP" time="0.0" classname="automationFramework.FirstTestCase">
    <skipped/>
  </testcase> <!-- @AfterMethod landing_page_cari_NOP -->
  <testcase name="@AfterMethod landing_page_cari_NOP" time="0.0" classname="automationFramework.FirstTestCase">
    <skipped/>
  </testcase> <!-- @AfterMethod landing_page_cari_NOP -->
  <testcase name="@AfterMethod landing_page_cari_NOP" time="0.0" classname="automationFramework.FirstTestCase">
    <skipped/>
  </testcase> <!-- @AfterMethod landing_page_cari_NOP -->
  <testcase name="@AfterMethod landing_page_cari_NOP" time="0.0" classname="automationFramework.FirstTestCase">
    <skipped/>
  </testcase> <!-- @AfterMethod landing_page_cari_NOP -->
  <testcase name="@AfterMethod landing_page_cari_NOP" time="0.0" classname="automationFramework.FirstTestCase">
    <skipped/>
  </testcase> <!-- @AfterMethod landing_page_cari_NOP -->
  <testcase name="@AfterMethod landing_page_cari_NOP" time="0.0" classname="automationFramework.FirstTestCase">
    <skipped/>
  </testcase> <!-- @AfterMethod landing_page_cari_NOP -->
  <testcase name="@AfterMethod landing_page_cari_NOP" time="0.0" classname="automationFramework.FirstTestCase">
    <skipped/>
  </testcase> <!-- @AfterMethod landing_page_cari_NOP -->
  <testcase name="@AfterMethod landing_page_cari_NOP" time="0.0" classname="automationFramework.FirstTestCase">
    <skipped/>
  </testcase> <!-- @AfterMethod landing_page_cari_NOP -->
  <testcase name="@AfterMethod landing_page_cari_NOP" time="0.0" classname="automationFramework.FirstTestCase">
    <skipped/>
  </testcase> <!-- @AfterMethod landing_page_cari_NOP -->
  <testcase name="@AfterMethod landing_page_cari_NOP" time="0.0" classname="automationFramework.FirstTestCase">
    <skipped/>
  </testcase> <!-- @AfterMethod landing_page_cari_NOP -->
  <testcase name="@AfterMethod landing_page_cari_NOP" time="0.0" classname="automationFramework.FirstTestCase">
    <skipped/>
  </testcase> <!-- @AfterMethod landing_page_cari_NOP -->
  <testcase name="@AfterTest quit_browser" time="0.0" classname="automationFramework.FirstTestCase">
    <skipped/>
  </testcase> <!-- @AfterTest quit_browser -->
  <testcase name="landing_page_cari_NOP" time="0.0" classname="automationFramework.FirstTestCase">
    <skipped/>
  </testcase> <!-- landing_page_cari_NOP -->
  <testcase name="landing_page_to_login" time="0.0" classname="automationFramework.FirstTestCase">
    <skipped/>
  </testcase> <!-- landing_page_to_login -->
  <testcase name="login_to_regis" time="0.0" classname="automationFramework.FirstTestCase">
    <skipped/>
  </testcase> <!-- login_to_regis -->
  <testcase name="regis_success" time="0.0" classname="automationFramework.FirstTestCase">
    <skipped/>
  </testcase> <!-- regis_success -->
  <testcase name="regis_to_login" time="0.0" classname="automationFramework.FirstTestCase">
    <skipped/>
  </testcase> <!-- regis_to_login -->
  <testcase name="login_success" time="0.0" classname="automationFramework.FirstTestCase">
    <skipped/>
  </testcase> <!-- login_success -->
  <testcase name="logout_success" time="0.0" classname="automationFramework.FirstTestCase">
    <skipped/>
  </testcase> <!-- logout_success -->
  <testcase name="login_to_lupa" time="0.0" classname="automationFramework.FirstTestCase">
    <skipped/>
  </testcase> <!-- login_to_lupa -->
  <testcase name="lupa_to_login" time="0.0" classname="automationFramework.FirstTestCase">
    <skipped/>
  </testcase> <!-- lupa_to_login -->
  <testcase name="rememberMe_email" time="0.0" classname="automationFramework.FirstTestCase">
    <skipped/>
  </testcase> <!-- rememberMe_email -->
  <testcase name="rememberMe_pw" time="0.0" classname="automationFramework.FirstTestCase">
    <skipped/>
  </testcase> <!-- rememberMe_pw -->
  <testcase name="go_to_profil" time="0.0" classname="automationFramework.FirstTestCase">
    <skipped/>
  </testcase> <!-- go_to_profil -->
  <testcase name="tab_change_password" time="0.0" classname="automationFramework.FirstTestCase">
    <skipped/>
  </testcase> <!-- tab_change_password -->
  <testcase name="tab_data_NPWPD" time="0.0" classname="automationFramework.FirstTestCase">
    <skipped/>
  </testcase> <!-- tab_data_NPWPD -->
  <testcase name="tab_user_info" time="0.0" classname="automationFramework.FirstTestCase">
    <skipped/>
  </testcase> <!-- tab_user_info -->
  <testcase name="fill_out_user_info_individu" time="0.0" classname="automationFramework.FirstTestCase">
    <skipped/>
  </testcase> <!-- fill_out_user_info_individu -->
  <testcase name="fill_out_user_info_bu" time="0.0" classname="automationFramework.FirstTestCase">
    <skipped/>
  </testcase> <!-- fill_out_user_info_bu -->
  <testcase name="change_pw" time="0.0" classname="automationFramework.FirstTestCase">
    <skipped/>
  </testcase> <!-- change_pw -->
  <testcase name="login_new_pw" time="0.0" classname="automationFramework.FirstTestCase">
    <skipped/>
  </testcase> <!-- login_new_pw -->
</testsuite> <!-- Default test -->
